<?xml version="1.0" encoding="UTF-8"?>
<!-- Generated by org.testng.reporters.JUnitReportReporter -->
<testsuite hostname="DESKTOP-6E56B84" failures="0" tests="1" name="runjenkinstest.CrossBrowserTesting" time="27.753" errors="0" timestamp="2025-01-08T11:44:15 IST" skipped="0">
  <testcase classname="runjenkinstest.CrossBrowserTesting" name="startBrowser" time="27.753"/>
</testsuite> <!-- runjenkinstest.CrossBrowserTesting -->
